[debug] [2019-06-08T09:39:56.115Z] ----------------------------------------------------------------------
[debug] [2019-06-08T09:39:56.118Z] Command:       C:\Users\or\Desktop\node.exe C:\Users\or\AppData\Roaming\npm\node_modules\firebase-tools\lib\bin\firebase.js login
[debug] [2019-06-08T09:39:56.118Z] CLI Version:   6.11.0
[debug] [2019-06-08T09:39:56.118Z] Platform:      win32
[debug] [2019-06-08T09:39:56.118Z] Node Version:  v10.15.1
[debug] [2019-06-08T09:39:56.119Z] Time:          Sat Jun 08 2019 12:39:56 GMT+0300 (Israel Daylight Time)
[debug] [2019-06-08T09:39:56.119Z] ----------------------------------------------------------------------
[debug] 
[info] 
[info] Visit this URL on any device to log in:
[info] https://accounts.google.com/o/oauth2/auth?client_id=563584335869-fgrhgmd47bqnekij5i8b5pr03ho849e6.apps.googleusercontent.com&scope=email%20openid%20https%3A%2F%2Fwww.googleapis.com%2Fauth%2Fcloudplatformprojects.readonly%20https%3A%2F%2Fwww.googleapis.com%2Fauth%2Ffirebase%20https%3A%2F%2Fwww.googleapis.com%2Fauth%2Fcloud-platform&response_type=code&state=369854573&redirect_uri=http%3A%2F%2Flocalhost%3A9005
[info] 
[info] Waiting for authentication...
[debug] [2019-06-17T17:09:21.996Z] ----------------------------------------------------------------------
[debug] [2019-06-17T17:09:21.999Z] Command:       C:\Users\or\Desktop\node.exe C:\Users\or\AppData\Roaming\npm\node_modules\firebase-tools\lib\bin\firebase.js init
[debug] [2019-06-17T17:09:21.999Z] CLI Version:   6.11.0
[debug] [2019-06-17T17:09:21.999Z] Platform:      win32
[debug] [2019-06-17T17:09:21.999Z] Node Version:  v10.15.1
[debug] [2019-06-17T17:09:22.013Z] Time:          Mon Jun 17 2019 20:09:21 GMT+0300 (Israel Daylight Time)
[debug] [2019-06-17T17:09:22.013Z] ----------------------------------------------------------------------
[debug] 
[debug] [2019-06-17T17:09:22.024Z] > command requires scopes: ["email","openid","https://www.googleapis.com/auth/cloudplatformprojects.readonly","https://www.googleapis.com/auth/firebase","https://www.googleapis.com/auth/cloud-platform"]
[debug] [2019-06-17T17:09:22.025Z] > attempting to authenticate via app default credentials
[debug] [2019-06-17T17:09:22.134Z] ! auto-auth error: Could not load the default credentials. Browse to https://developers.google.com/accounts/docs/application-default-credentials for more information.
[debug] [2019-06-17T17:09:22.135Z] > no credentials could be found or automatically retrieved
[error] 
[error] Error: Command requires authentication, please run firebase login
